#
# There is insufficient memory for the Java Runtime Environment to continue.
# Native memory allocation (mmap) failed to map 132120576 bytes for G1 virtual space
# Possible reasons:
#   The system is out of physical RAM or swap space
#   The process is running with CompressedOops enabled, and the Java Heap may be blocking the growth of the native heap
# Possible solutions:
#   Reduce memory load on the system
#   Increase physical memory or swap space
#   Check if swap backing store is full
#   Decrease Java heap size (-Xmx/-Xms)
#   Decrease number of Java threads
#   Decrease Java thread stack sizes (-Xss)
#   Set larger code cache with -XX:ReservedCodeCacheSize=
#   JVM is running with Unscaled Compressed Oops mode in which the Java heap is
#     placed in the first 4GB address space. The Java Heap base address is the
#     maximum limit for the native heap growth. Please use -XX:HeapBaseMinAddress
#     to set the Java Heap base and to place the Java Heap above 4GB virtual address.
# This output file may be truncated or incomplete.
#
#  Out of Memory Error (os_windows.cpp:3617), pid=21004, tid=16608
#
# JRE version:  (17.0.8+7) (build )
# Java VM: OpenJDK 64-Bit Server VM (17.0.8+7, mixed mode, sharing, tiered, compressed oops, compressed class ptrs, g1 gc, windows-amd64)
# No core dump will be written. Minidumps are not enabled by default on client versions of Windows
#

---------------  S U M M A R Y ------------

Command Line: -Dfile.encoding=UTF-8 -XX:+ShowCodeDetailsInExceptionMessages MethodPractice

Host: Intel(R) Core(TM) i5-9500T CPU @ 2.20GHz, 6 cores, 7G,  Windows 10 , 64 bit Build 19041 (10.0.19041.3155)
Time: Mon Aug 21 11:38:00 2023 Pacific Daylight Time elapsed time: 0.116726 seconds (0d 0h 0m 0s)

---------------  T H R E A D  ---------------

Current thread (0x0000024a7fd15f90):  JavaThread "Unknown thread" [_thread_in_vm, id=16608, stack(0x0000009cd9500000,0x0000009cd9600000)]

Stack: [0x0000009cd9500000,0x0000009cd9600000]
Native frames: (J=compiled Java code, j=interpreted, Vv=VM code, C=native code)
V  [jvm.dll+0x678b0a]
V  [jvm.dll+0x835e84]
V  [jvm.dll+0x83762e]
V  [jvm.dll+0x837c93]
V  [jvm.dll+0x24746f]
V  [jvm.dll+0x675859]
V  [jvm.dll+0x66a0ea]
V  [jvm.dll+0x306c7b]
V  [jvm.dll+0x30e166]
V  [jvm.dll+0x35dd3e]
V  [jvm.dll+0x35df6f]
V  [jvm.dll+0x2ddb48]
V  [jvm.dll+0x2deab4]
V  [jvm.dll+0x807f31]
V  [jvm.dll+0x36bb21]
V  [jvm.dll+0x7e733c]
V  [jvm.dll+0x3ee4af]
V  [jvm.dll+0x3f00c1]
C  [jli.dll+0x528b]
C  [ucrtbase.dll+0x21bb2]
C  [KERNEL32.DLL+0x17614]
C  [ntdll.dll+0x526b1]


---------------  P R O C E S S  ---------------

Threads class SMR info:
_java_thread_list=0x00007ffcca2da018, length=0, elements={
}

Java Threads: ( => current thread )

Other Threads:
  0x0000024a17690b00 GCTaskThread "GC Thread#0" [stack: 0x0000009cd9600000,0x0000009cd9700000] [id=20624]
  0x0000024a7fd5d700 ConcurrentGCThread "G1 Main Marker" [stack: 0x0000009cd9700000,0x0000009cd9800000] [id=20620]
  0x0000024a7fd5e9e0 ConcurrentGCThread "G1 Conc#0" [stack: 0x0000009cd9800000,0x0000009cd9900000] [id=21044]

[error occurred during error reporting (printing all threads), id 0xc0000005, EXCEPTION_ACCESS_VIOLATION (0xc0000005) at pc=0x00007ffcc9aae587]

VM state: not at safepoint (not fully initialized)

VM Mutex/Monitor currently owned by a thread:  ([mutex/lock_event])
[0x0000024a7fd11470] Heap_lock - owner thread: 0x0000024a7fd15f90

Heap address: 0x0000000083800000, size: 1992 MB, Compressed Oops mode: 32-bit

CDS archive(s) mapped at: [0x0000000000000000-0x0000000000000000-0x0000000000000000), size 0, SharedBaseAddress: 0x0000000800000000, ArchiveRelocationMode: 1.
Narrow klass base: 0x0000000000000000, Narrow klass shift: 0, Narrow klass range: 0x0

GC Precious Log:
<Empty>

Heap:
 garbage-first heap   total 0K, used 0K [0x0000000083800000, 0x0000000100000000)
  region size 1024K, 0 young (0K), 0 survivors (0K)

[error occurred during error reporting (printing heap information), id 0xc0000005, EXCEPTION_ACCESS_VIOLATION (0xc0000005) at pc=0x00007ffcc9e92699]

GC Heap History (0 events):
No events

Dll operation events (1 events):
Event: 0.025 Loaded shared library C:\Users\1920918\.p2\pool\plugins\org.eclipse.justj.openjdk.hotspot.jre.full.win32.x86_64_17.0.8.v20230801-1951\jre\bin\java.dll

Deoptimization events (0 events):
No events

Classes unloaded (0 events):
No events

Classes redefined (0 events):
No events

Internal exceptions (0 events):
No events

VM Operations (0 events):
No events

Events (0 events):
No events


Dynamic libraries:
0x00007ff6af380000 - 0x00007ff6af38e000 	C:\Users\1920918\.p2\pool\plugins\org.eclipse.justj.openjdk.hotspot.jre.full.win32.x86_64_17.0.8.v20230801-1951\jre\bin\javaw.exe
0x00007ffd42590000 - 0x00007ffd42788000 	C:\WINDOWS\SYSTEM32\ntdll.dll
0x00007ffd414a0000 - 0x00007ffd4155f000 	C:\WINDOWS\System32\KERNEL32.DLL
0x00007ffd3ff20000 - 0x00007ffd40216000 	C:\WINDOWS\System32\KERNELBASE.dll
0x00007ffd3fc70000 - 0x00007ffd3fd70000 	C:\WINDOWS\System32\ucrtbase.dll
0x00007ffd34e70000 - 0x00007ffd34e89000 	C:\Users\1920918\.p2\pool\plugins\org.eclipse.justj.openjdk.hotspot.jre.full.win32.x86_64_17.0.8.v20230801-1951\jre\bin\VCRUNTIME140.dll
0x00007ffd34e50000 - 0x00007ffd34e67000 	C:\Users\1920918\.p2\pool\plugins\org.eclipse.justj.openjdk.hotspot.jre.full.win32.x86_64_17.0.8.v20230801-1951\jre\bin\jli.dll
0x00007ffd41230000 - 0x00007ffd413cd000 	C:\WINDOWS\System32\USER32.dll
0x00007ffd40220000 - 0x00007ffd40242000 	C:\WINDOWS\System32\win32u.dll
0x00007ffd229c0000 - 0x00007ffd22c5a000 	C:\WINDOWS\WinSxS\amd64_microsoft.windows.common-controls_6595b64144ccf1df_6.0.19041.1110_none_60b5254171f9507e\COMCTL32.dll
0x00007ffd40d50000 - 0x00007ffd40d7c000 	C:\WINDOWS\System32\GDI32.dll
0x00007ffd404d0000 - 0x00007ffd405e5000 	C:\WINDOWS\System32\gdi32full.dll
0x00007ffd42480000 - 0x00007ffd4251e000 	C:\WINDOWS\System32\msvcrt.dll
0x00007ffd40430000 - 0x00007ffd404cd000 	C:\WINDOWS\System32\msvcp_win.dll
0x00007ffd42520000 - 0x00007ffd42550000 	C:\WINDOWS\System32\IMM32.DLL
0x00007ffd240b0000 - 0x00007ffd24241000 	C:\WINDOWS\system32\tmumh\20019\AddOn\8.55.0.1257\TmUmEvt64.dll
0x00007ffd41570000 - 0x00007ffd41578000 	C:\WINDOWS\System32\PSAPI.DLL
0x00007ffd42230000 - 0x00007ffd422df000 	C:\WINDOWS\System32\ADVAPI32.dll
0x00007ffd41190000 - 0x00007ffd4122c000 	C:\WINDOWS\System32\sechost.dll
0x00007ffd415f0000 - 0x00007ffd41716000 	C:\WINDOWS\System32\RPCRT4.dll
0x0000000074930000 - 0x0000000074aa3000 	C:\WINDOWS\system32\tmumh\20019\TmMon\2.9.0.1048\tmmon64.dll
0x00007ffd37950000 - 0x00007ffd3795c000 	C:\Users\1920918\.p2\pool\plugins\org.eclipse.justj.openjdk.hotspot.jre.full.win32.x86_64_17.0.8.v20230801-1951\jre\bin\vcruntime140_1.dll
0x00007ffcfa7d0000 - 0x00007ffcfa861000 	C:\Users\1920918\.p2\pool\plugins\org.eclipse.justj.openjdk.hotspot.jre.full.win32.x86_64_17.0.8.v20230801-1951\jre\bin\msvcp140.dll
0x00007ffcc97c0000 - 0x00007ffcca40c000 	C:\Users\1920918\.p2\pool\plugins\org.eclipse.justj.openjdk.hotspot.jre.full.win32.x86_64_17.0.8.v20230801-1951\jre\bin\server\jvm.dll
0x00007ffd3fad0000 - 0x00007ffd3fb1b000 	C:\WINDOWS\SYSTEM32\POWRPROF.dll
0x00007ffd28760000 - 0x00007ffd28769000 	C:\WINDOWS\SYSTEM32\WSOCK32.dll
0x00007ffd41580000 - 0x00007ffd415eb000 	C:\WINDOWS\System32\WS2_32.dll
0x00007ffd26850000 - 0x00007ffd26877000 	C:\WINDOWS\SYSTEM32\WINMM.dll
0x00007ffd35990000 - 0x00007ffd3599a000 	C:\WINDOWS\SYSTEM32\VERSION.dll
0x00007ffd3fa00000 - 0x00007ffd3fa12000 	C:\WINDOWS\SYSTEM32\UMPDC.dll
0x00007ffd3d770000 - 0x00007ffd3d782000 	C:\WINDOWS\SYSTEM32\kernel.appcore.dll
0x00007ffd3a250000 - 0x00007ffd3a25a000 	C:\Users\1920918\.p2\pool\plugins\org.eclipse.justj.openjdk.hotspot.jre.full.win32.x86_64_17.0.8.v20230801-1951\jre\bin\jimage.dll
0x00007ffd2b780000 - 0x00007ffd2b964000 	C:\WINDOWS\SYSTEM32\DBGHELP.DLL
0x00007ffd2ade0000 - 0x00007ffd2ae14000 	C:\WINDOWS\SYSTEM32\dbgcore.DLL
0x00007ffd3fd70000 - 0x00007ffd3fdf2000 	C:\WINDOWS\System32\bcryptPrimitives.dll
0x00007ffd39a40000 - 0x00007ffd39a65000 	C:\Users\1920918\.p2\pool\plugins\org.eclipse.justj.openjdk.hotspot.jre.full.win32.x86_64_17.0.8.v20230801-1951\jre\bin\java.dll

dbghelp: loaded successfully - version: 4.0.5 - missing functions: none
symbol engine: initialized successfully - sym options: 0x614 - pdb path: .;C:\Users\1920918\.p2\pool\plugins\org.eclipse.justj.openjdk.hotspot.jre.full.win32.x86_64_17.0.8.v20230801-1951\jre\bin;C:\WINDOWS\SYSTEM32;C:\WINDOWS\WinSxS\amd64_microsoft.windows.common-controls_6595b64144ccf1df_6.0.19041.1110_none_60b5254171f9507e;C:\WINDOWS\system32\tmumh\20019\AddOn\8.55.0.1257;C:\WINDOWS\system32\tmumh\20019\TmMon\2.9.0.1048;C:\Users\1920918\.p2\pool\plugins\org.eclipse.justj.openjdk.hotspot.jre.full.win32.x86_64_17.0.8.v20230801-1951\jre\bin\server

VM Arguments:
jvm_args: -Dfile.encoding=UTF-8 -XX:+ShowCodeDetailsInExceptionMessages 
java_command: MethodPractice
java_class_path (initial): C:\Users\1920918\eclipse-workspace\MethodCallPractice\bin
Launcher Type: SUN_STANDARD

[Global flags]
     intx CICompilerCount                          = 3                                         {product} {ergonomic}
     uint ConcGCThreads                            = 2                                         {product} {ergonomic}
     uint G1ConcRefinementThreads                  = 6                                         {product} {ergonomic}
   size_t G1HeapRegionSize                         = 1048576                                   {product} {ergonomic}
    uintx GCDrainStackTargetSize                   = 64                                        {product} {ergonomic}
   size_t InitialHeapSize                          = 132120576                                 {product} {ergonomic}
   size_t MarkStackSize                            = 4194304                                   {product} {ergonomic}
   size_t MaxHeapSize                              = 2088763392                                {product} {ergonomic}
   size_t MinHeapDeltaBytes                        = 1048576                                   {product} {ergonomic}
   size_t MinHeapSize                              = 8388608                                   {product} {ergonomic}
    uintx NonNMethodCodeHeapSize                   = 5832780                                {pd product} {ergonomic}
    uintx NonProfiledCodeHeapSize                  = 122912730                              {pd product} {ergonomic}
    uintx ProfiledCodeHeapSize                     = 122912730                              {pd product} {ergonomic}
    uintx ReservedCodeCacheSize                    = 251658240                              {pd product} {ergonomic}
     bool SegmentedCodeCache                       = true                                      {product} {ergonomic}
     bool ShowCodeDetailsInExceptionMessages       = true                                   {manageable} {command line}
   size_t SoftMaxHeapSize                          = 2088763392                             {manageable} {ergonomic}
     bool UseCompressedClassPointers               = true                           {product lp64_product} {ergonomic}
     bool UseCompressedOops                        = true                           {product lp64_product} {ergonomic}
     bool UseG1GC                                  = true                                      {product} {ergonomic}
     bool UseLargePagesIndividualAllocation        = false                                  {pd product} {ergonomic}

Logging:
Log output configuration:
 #0: stdout all=warning uptime,level,tags
 #1: stderr all=off uptime,level,tags

Environment Variables:
PATH=C:/Users/1920918/.p2/pool/plugins/org.eclipse.justj.openjdk.hotspot.jre.full.win32.x86_64_17.0.8.v20230801-1951/jre/bin/server;C:/Users/1920918/.p2/pool/plugins/org.eclipse.justj.openjdk.hotspot.jre.full.win32.x86_64_17.0.8.v20230801-1951/jre/bin;C:\Program Files (x86)\Common Files\Oracle\Java\javapath;C:\WINDOWS\system32;C:\WINDOWS;C:\WINDOWS\System32\Wbem;C:\WINDOWS\System32\WindowsPowerShell\v1.0\;C:\WINDOWS\System32\OpenSSH\;C:\Users\1920918\AppData\Local\Microsoft\WindowsApps;;C:\WINDOWS\system32;
USERNAME=1920918
OS=Windows_NT
PROCESSOR_IDENTIFIER=Intel64 Family 6 Model 158 Stepping 10, GenuineIntel
TMP=C:\Users\1920918\AppData\Local\Temp
TEMP=C:\Users\1920918\AppData\Local\Temp



---------------  S Y S T E M  ---------------

OS:
 Windows 10 , 64 bit Build 19041 (10.0.19041.3155)
OS uptime: 0 days 5:31 hours

CPU: total 6 (initial active 6) (6 cores per cpu, 1 threads per core) family 6 model 158 stepping 10 microcode 0xca, cx8, cmov, fxsr, mmx, 3dnowpref, sse, sse2, sse3, ssse3, sse4.1, sse4.2, popcnt, lzcnt, tsc, tscinvbit, avx, avx2, aes, erms, clmul, bmi1, bmi2, rtm, adx, fma, vzeroupper, clflush, clflushopt
Processor Information for all 6 processors :
  Max Mhz: 2208, Current Mhz: 2208, Mhz Limit: 2208

Memory: 4k page, system-wide physical 7966M (483M free)
TotalPageFile size 32542M (AvailPageFile size 24M)
current process WorkingSet (physical memory assigned to process): 13M, peak: 13M
current process commit charge ("private bytes"): 58M, peak: 184M

vm_info: OpenJDK 64-Bit Server VM (17.0.8+7) for windows-amd64 JRE (17.0.8+7), built on Jul 18 2023 21:02:32 by "admin" with MS VC++ 16.7 (VS2019)

END.
